#
# A fatal error has been detected by the Java Runtime Environment:
#
#  EXCEPTION_ACCESS_VIOLATION (0xc0000005) at pc=0x000000006f01a46a, pid=13940, tid=0x0000000000002be4
#
# JRE version: Java(TM) SE Runtime Environment (8.0_241-b07) (build 1.8.0_241-b07)
# Java VM: Java HotSpot(TM) 64-Bit Server VM (25.241-b07 mixed mode windows-amd64 compressed oops)
# Problematic frame:
# V  [jvm.dll+0x4aa46a]
#
# Failed to write core dump. Minidumps are not enabled by default on client versions of Windows
#
# If you would like to submit a bug report, please visit:
#   http://bugreport.java.com/bugreport/crash.jsp
#

---------------  T H R E A D  ---------------

Current thread (0x0000000016599800):  JavaThread "C2 CompilerThread1" daemon [_thread_in_native, id=11236, stack(0x0000000016f40000,0x0000000017040000)]

siginfo: ExceptionCode=0xc0000005, writing address 0x0000000033c25bd8

Registers:
RAX=0x0000000019e12da0, RBX=0x0000000019e12d90, RCX=0xffff99024a10a5d0, RDX=0x000000006f39c570
RSP=0x000000001703c540, RBP=0x0000000000018b80, RSI=0x0000000000022920, RDI=0x0000000000000004
R8 =0x0000000000000000, R9 =0x0000000000000000, R10=0x00000000029b0000, R11=0x000000001a3964a0
R12=0x0000000000000013, R13=0x0000000000000388, R14=0x0000000000018b80, R15=0x00000000000003d8
RIP=0x000000006f01a46a, EFLAGS=0x0000000000010202

Top of Stack: (sp=0x000000001703c540)
0x000000001703c540:   000000001703c5d0 000000001703c5d0
0x000000001703c550:   0000000000000000 0000000000000000
0x000000001703c560:   000000001703c630 000000006f0154c0
0x000000001703c570:   0000000000000000 0000000000018b80
0x000000001703c580:   0000000000018330 000000001703c920
0x000000001703c590:   000000001659a768 000000001659a390
0x000000001703c5a0:   0000000000000000 000000006efe121f
0x000000001703c5b0:   000000001703ca30 000000001703c6b0
0x000000001703c5c0:   000000001659a380 000000001703c920
0x000000001703c5d0:   0000000000000006 000000001659a380
0x000000001703c5e0:   000000001a396490 000000001a3af020
0x000000001703c5f0:   000000001a3af020 000000000003c458
0x000000001703c600:   0000000000000006 000000001659a770
0x000000001703c610:   000000001659a770 000000001659a780
0x000000001703c620:   000000001659ab58 00000000000003d8
0x000000001703c630:   000000000000000c 000000001703ecd0 

Instructions: (pc=0x000000006f01a46a)
0x000000006f01a44a:   00 00 76 29 48 8b cf 48 8d 15 18 21 38 00 0f 1f
0x000000006f01a45a:   84 00 00 00 00 00 48 8b 43 08 ff c7 48 83 c1 08
0x000000006f01a46a:   48 89 54 01 f8 3b bb 90 00 00 00 72 e9 48 8b 5c
0x000000006f01a47a:   24 40 48 83 c4 20 5f c3 cc cc cc cc cc cc cc cc 


Register to memory mapping:

RAX=0x0000000019e12da0 is an unknown value
RBX=0x0000000019e12d90 is an unknown value
RCX=0xffff99024a10a5d0 is an unknown value
RDX=0x000000006f39c570 is an unknown value
RSP=0x000000001703c540 is pointing into the stack for thread: 0x0000000016599800
RBP=0x0000000000018b80 is an unknown value
RSI=0x0000000000022920 is an unknown value
RDI=0x0000000000000004 is an unknown value
R8 =0x0000000000000000 is an unknown value
R9 =0x0000000000000000 is an unknown value
R10=0x00000000029b0000 is an unknown value
R11=0x000000001a3964a0 is an unknown value
R12=0x0000000000000013 is an unknown value
R13=0x0000000000000388 is an unknown value
R14=0x0000000000018b80 is an unknown value
R15=0x00000000000003d8 is an unknown value


Stack: [0x0000000016f40000,0x0000000017040000],  sp=0x000000001703c540,  free space=1009k
Native frames: (J=compiled Java code, j=interpreted, Vv=VM code, C=native code)
V  [jvm.dll+0x4aa46a]
V  [jvm.dll+0x4a54c0]
V  [jvm.dll+0x47121f]
V  [jvm.dll+0x47c79b]
V  [jvm.dll+0x47f0a7]
V  [jvm.dll+0x4618a2]
V  [jvm.dll+0xa6a62]
V  [jvm.dll+0xa73af]
V  [jvm.dll+0x2467ef]
V  [jvm.dll+0x29fd2a]
C  [msvcr100.dll+0x21d9f]
C  [msvcr100.dll+0x21e3b]
C  [KERNEL32.DLL+0x17bd4]
C  [ntdll.dll+0x6ce51]


Current CompileTask:
C2:   6562 2652       4       org.springframework.beans.factory.support.AbstractBeanFactory::getMergedBeanDefinition (44 bytes)


---------------  P R O C E S S  ---------------

Java Threads: ( => current thread )
  0x0000000018092800 JavaThread "/127.0.0.1:62310 to /127.0.0.1:62308 workers Thread 3" [_thread_in_native, id=14220, stack(0x0000000018f10000,0x0000000019010000)]
  0x0000000018090000 JavaThread "/127.0.0.1:62310 to /127.0.0.1:62308 workers Thread 2" [_thread_blocked, id=6948, stack(0x0000000018e10000,0x0000000018f10000)]
  0x00000000182d0800 JavaThread "Test worker" [_thread_in_vm, id=10772, stack(0x0000000018d10000,0x0000000018e10000)]
  0x0000000016639800 JavaThread "Service Thread" daemon [_thread_blocked, id=3576, stack(0x0000000017240000,0x0000000017340000)]
  0x00000000165b2000 JavaThread "C1 CompilerThread3" daemon [_thread_in_native, id=9500, stack(0x0000000017140000,0x0000000017240000)]
  0x00000000165a5800 JavaThread "C2 CompilerThread2" daemon [_thread_in_native, id=11952, stack(0x0000000017040000,0x0000000017140000)]
=>0x0000000016599800 JavaThread "C2 CompilerThread1" daemon [_thread_in_native, id=11236, stack(0x0000000016f40000,0x0000000017040000)]
  0x0000000016595800 JavaThread "C2 CompilerThread0" daemon [_thread_in_native, id=7160, stack(0x0000000016e40000,0x0000000016f40000)]
  0x0000000016594000 JavaThread "Attach Listener" daemon [_thread_blocked, id=17416, stack(0x0000000016d40000,0x0000000016e40000)]
  0x0000000016593000 JavaThread "Signal Dispatcher" daemon [_thread_blocked, id=17616, stack(0x0000000016c40000,0x0000000016d40000)]
  0x00000000164f1000 JavaThread "Finalizer" daemon [_thread_blocked, id=7656, stack(0x00000000169d0000,0x0000000016ad0000)]
  0x00000000164f0800 JavaThread "Reference Handler" daemon [_thread_blocked, id=3208, stack(0x00000000168d0000,0x00000000169d0000)]
  0x00000000029be800 JavaThread "main" [_thread_blocked, id=11028, stack(0x0000000002d50000,0x0000000002e50000)]

Other Threads:
  0x0000000014709800 VMThread [stack: 0x00000000163d0000,0x00000000164d0000] [id=5576]
  0x000000001666d000 WatcherThread [stack: 0x0000000017340000,0x0000000017440000] [id=17676]

VM state:not at safepoint (normal execution)

VM Mutex/Monitor currently owned by a thread: None

heap address: 0x00000000e0000000, size: 512 MB, Compressed Oops mode: 32-bit
Narrow klass base: 0x0000000000000000, Narrow klass shift: 3
Compressed class space size: 1073741824 Address: 0x0000000100000000

Heap:
 PSYoungGen      total 95744K, used 17899K [0x00000000f5580000, 0x00000000fc280000, 0x0000000100000000)
  eden space 87040K, 11% used [0x00000000f5580000,0x00000000f5f918c8,0x00000000faa80000)
  from space 8704K, 87% used [0x00000000fb380000,0x00000000fbae9358,0x00000000fbc00000)
  to   space 9216K, 0% used [0x00000000faa80000,0x00000000faa80000,0x00000000fb380000)
 ParOldGen       total 50176K, used 6119K [0x00000000e0000000, 0x00000000e3100000, 0x00000000f5580000)
  object space 50176K, 12% used [0x00000000e0000000,0x00000000e05f9e98,0x00000000e3100000)
 Metaspace       used 29818K, capacity 30920K, committed 31104K, reserved 1077248K
  class space    used 3948K, capacity 4194K, committed 4224K, reserved 1048576K

Card table byte_map: [0x0000000012310000,0x0000000012420000] byte_map_base: 0x0000000011c10000

Marking Bits: (ParMarkBitMap*) 0x000000006f39be30
 Begin Bits: [0x0000000012c20000, 0x0000000013420000)
 End Bits:   [0x0000000013420000, 0x0000000013c20000)

Polling page: 0x00000000028d0000

CodeCache: size=245760Kb used=9651Kb max_used=9651Kb free=236108Kb
 bounds [0x0000000002f50000, 0x00000000038d0000, 0x0000000011f50000]
 total_blobs=3072 nmethods=2656 adapters=328
 compilation: enabled

Compilation events (10 events):
Event: 6.427 Thread 0x00000000165b2000 nmethod 2649 0x000000000389f210 code [0x000000000389f360, 0x000000000389f470]
Event: 6.428 Thread 0x0000000016595800 nmethod 2644 0x00000000038a8cd0 code [0x00000000038a8e20, 0x00000000038a9338]
Event: 6.433 Thread 0x0000000016599800 2652       4       org.springframework.beans.factory.support.AbstractBeanFactory::getMergedBeanDefinition (44 bytes)
Event: 6.444 Thread 0x00000000165b2000 2653   !   3       java.util.concurrent.ConcurrentHashMap::computeIfAbsent (493 bytes)
Event: 6.448 Thread 0x00000000165b2000 nmethod 2653 0x00000000038a9710 code [0x00000000038a9a60, 0x00000000038abd58]
Event: 6.453 Thread 0x00000000165b2000 2654       1       org.springframework.core.MethodParameter::getNestingLevel (5 bytes)
Event: 6.453 Thread 0x00000000165b2000 nmethod 2654 0x000000000389ef50 code [0x000000000389f0a0, 0x000000000389f1b0]
Event: 6.454 Thread 0x0000000016595800 2655       4       org.springframework.boot.autoconfigure.condition.BeanTypeRegistry::updateBeanType (68 bytes)
Event: 6.460 Thread 0x00000000165b2000 2656       3       java.util.stream.ReduceOps$3ReducingSink::accept (15 bytes)
Event: 6.460 Thread 0x00000000165b2000 nmethod 2656 0x00000000038a8890 code [0x00000000038a8a00, 0x00000000038a8c28]

GC Heap History (10 events):
Event: 4.011 GC heap before
{Heap before GC invocations=5 (full 0):
 PSYoungGen      total 36864K, used 14921K [0x00000000f5580000, 0x00000000f9d80000, 0x0000000100000000)
  eden space 31744K, 30% used [0x00000000f5580000,0x00000000f5f14618,0x00000000f7480000)
  from space 5120K, 99% used [0x00000000f7980000,0x00000000f7e7def8,0x00000000f7e80000)
  to   space 5120K, 0% used [0x00000000f7480000,0x00000000f7480000,0x00000000f7980000)
 ParOldGen       total 84992K, used 5327K [0x00000000e0000000, 0x00000000e5300000, 0x00000000f5580000)
  object space 84992K, 6% used [0x00000000e0000000,0x00000000e0533ee0,0x00000000e5300000)
 Metaspace       used 20514K, capacity 21116K, committed 21248K, reserved 1067008K
  class space    used 2783K, capacity 2948K, committed 3072K, reserved 1048576K
Event: 4.017 GC heap after
Heap after GC invocations=5 (full 0):
 PSYoungGen      total 36864K, used 5095K [0x00000000f5580000, 0x00000000fa280000, 0x0000000100000000)
  eden space 31744K, 0% used [0x00000000f5580000,0x00000000f5580000,0x00000000f7480000)
  from space 5120K, 99% used [0x00000000f7480000,0x00000000f7979ec8,0x00000000f7980000)
  to   space 7680K, 0% used [0x00000000f9b00000,0x00000000f9b00000,0x00000000fa280000)
 ParOldGen       total 84992K, used 6256K [0x00000000e0000000, 0x00000000e5300000, 0x00000000f5580000)
  object space 84992K, 7% used [0x00000000e0000000,0x00000000e061c198,0x00000000e5300000)
 Metaspace       used 20514K, capacity 21116K, committed 21248K, reserved 1067008K
  class space    used 2783K, capacity 2948K, committed 3072K, reserved 1048576K
}
Event: 4.017 GC heap before
{Heap before GC invocations=6 (full 1):
 PSYoungGen      total 36864K, used 5095K [0x00000000f5580000, 0x00000000fa280000, 0x0000000100000000)
  eden space 31744K, 0% used [0x00000000f5580000,0x00000000f5580000,0x00000000f7480000)
  from space 5120K, 99% used [0x00000000f7480000,0x00000000f7979ec8,0x00000000f7980000)
  to   space 7680K, 0% used [0x00000000f9b00000,0x00000000f9b00000,0x00000000fa280000)
 ParOldGen       total 84992K, used 6256K [0x00000000e0000000, 0x00000000e5300000, 0x00000000f5580000)
  object space 84992K, 7% used [0x00000000e0000000,0x00000000e061c198,0x00000000e5300000)
 Metaspace       used 20514K, capacity 21116K, committed 21248K, reserved 1067008K
  class space    used 2783K, capacity 2948K, committed 3072K, reserved 1048576K
Event: 4.054 GC heap after
Heap after GC invocations=6 (full 1):
 PSYoungGen      total 36864K, used 0K [0x00000000f5580000, 0x00000000fa280000, 0x0000000100000000)
  eden space 31744K, 0% used [0x00000000f5580000,0x00000000f5580000,0x00000000f7480000)
  from space 5120K, 0% used [0x00000000f7480000,0x00000000f7480000,0x00000000f7980000)
  to   space 7680K, 0% used [0x00000000f9b00000,0x00000000f9b00000,0x00000000fa280000)
 ParOldGen       total 50176K, used 6031K [0x00000000e0000000, 0x00000000e3100000, 0x00000000f5580000)
  object space 50176K, 12% used [0x00000000e0000000,0x00000000e05e3e88,0x00000000e3100000)
 Metaspace       used 20514K, capacity 21116K, committed 21248K, reserved 1067008K
  class space    used 2783K, capacity 2948K, committed 3072K, reserved 1048576K
}
Event: 4.386 GC heap before
{Heap before GC invocations=7 (full 1):
 PSYoungGen      total 36864K, used 31727K [0x00000000f5580000, 0x00000000fa280000, 0x0000000100000000)
  eden space 31744K, 99% used [0x00000000f5580000,0x00000000f747bd28,0x00000000f7480000)
  from space 5120K, 0% used [0x00000000f7480000,0x00000000f7480000,0x00000000f7980000)
  to   space 7680K, 0% used [0x00000000f9b00000,0x00000000f9b00000,0x00000000fa280000)
 ParOldGen       total 50176K, used 6031K [0x00000000e0000000, 0x00000000e3100000, 0x00000000f5580000)
  object space 50176K, 12% used [0x00000000e0000000,0x00000000e05e3e88,0x00000000e3100000)
 Metaspace       used 22710K, capacity 23426K, committed 23680K, reserved 1069056K
  class space    used 3005K, capacity 3189K, committed 3200K, reserved 1048576K
Event: 4.389 GC heap after
Heap after GC invocations=7 (full 1):
 PSYoungGen      total 56832K, used 3155K [0x00000000f5580000, 0x00000000f9e80000, 0x0000000100000000)
  eden space 53248K, 0% used [0x00000000f5580000,0x00000000f5580000,0x00000000f8980000)
  from space 3584K, 88% used [0x00000000f9b00000,0x00000000f9e14ce8,0x00000000f9e80000)
  to   space 8704K, 0% used [0x00000000f8d80000,0x00000000f8d80000,0x00000000f9600000)
 ParOldGen       total 50176K, used 6039K [0x00000000e0000000, 0x00000000e3100000, 0x00000000f5580000)
  object space 50176K, 12% used [0x00000000e0000000,0x00000000e05e5e88,0x00000000e3100000)
 Metaspace       used 22710K, capacity 23426K, committed 23680K, reserved 1069056K
  class space    used 3005K, capacity 3189K, committed 3200K, reserved 1048576K
}
Event: 4.831 GC heap before
{Heap before GC invocations=8 (full 1):
 PSYoungGen      total 56832K, used 56403K [0x00000000f5580000, 0x00000000f9e80000, 0x0000000100000000)
  eden space 53248K, 100% used [0x00000000f5580000,0x00000000f8980000,0x00000000f8980000)
  from space 3584K, 88% used [0x00000000f9b00000,0x00000000f9e14ce8,0x00000000f9e80000)
  to   space 8704K, 0% used [0x00000000f8d80000,0x00000000f8d80000,0x00000000f9600000)
 ParOldGen       total 50176K, used 6039K [0x00000000e0000000, 0x00000000e3100000, 0x00000000f5580000)
  object space 50176K, 12% used [0x00000000e0000000,0x00000000e05e5e88,0x00000000e3100000)
 Metaspace       used 24873K, capacity 25614K, committed 25856K, reserved 1071104K
  class space    used 3298K, capacity 3489K, committed 3584K, reserved 1048576K
Event: 4.836 GC heap after
Heap after GC invocations=8 (full 1):
 PSYoungGen      total 66048K, used 4034K [0x00000000f5580000, 0x00000000fbc00000, 0x0000000100000000)
  eden space 57344K, 0% used [0x00000000f5580000,0x00000000f5580000,0x00000000f8d80000)
  from space 8704K, 46% used [0x00000000f8d80000,0x00000000f9170868,0x00000000f9600000)
  to   space 8704K, 0% used [0x00000000fb380000,0x00000000fb380000,0x00000000fbc00000)
 ParOldGen       total 50176K, used 6047K [0x00000000e0000000, 0x00000000e3100000, 0x00000000f5580000)
  object space 50176K, 12% used [0x00000000e0000000,0x00000000e05e7e88,0x00000000e3100000)
 Metaspace       used 24873K, capacity 25614K, committed 25856K, reserved 1071104K
  class space    used 3298K, capacity 3489K, committed 3584K, reserved 1048576K
}
Event: 6.124 GC heap before
{Heap before GC invocations=9 (full 1):
 PSYoungGen      total 66048K, used 61378K [0x00000000f5580000, 0x00000000fbc00000, 0x0000000100000000)
  eden space 57344K, 100% used [0x00000000f5580000,0x00000000f8d80000,0x00000000f8d80000)
  from space 8704K, 46% used [0x00000000f8d80000,0x00000000f9170868,0x00000000f9600000)
  to   space 8704K, 0% used [0x00000000fb380000,0x00000000fb380000,0x00000000fbc00000)
 ParOldGen       total 50176K, used 6047K [0x00000000e0000000, 0x00000000e3100000, 0x00000000f5580000)
  object space 50176K, 12% used [0x00000000e0000000,0x00000000e05e7e88,0x00000000e3100000)
 Metaspace       used 29418K, capacity 30502K, committed 30592K, reserved 1075200K
  class space    used 3883K, capacity 4139K, committed 4224K, reserved 1048576K
Event: 6.139 GC heap after
Heap after GC invocations=9 (full 1):
 PSYoungGen      total 95744K, used 7588K [0x00000000f5580000, 0x00000000fc280000, 0x0000000100000000)
  eden space 87040K, 0% used [0x00000000f5580000,0x00000000f5580000,0x00000000faa80000)
  from space 8704K, 87% used [0x00000000fb380000,0x00000000fbae9358,0x00000000fbc00000)
  to   space 9216K, 0% used [0x00000000faa80000,0x00000000faa80000,0x00000000fb380000)
 ParOldGen       total 50176K, used 6119K [0x00000000e0000000, 0x00000000e3100000, 0x00000000f5580000)
  object space 50176K, 12% used [0x00000000e0000000,0x00000000e05f9e98,0x00000000e3100000)
 Metaspace       used 29418K, capacity 30502K, committed 30592K, reserved 1075200K
  class space    used 3883K, capacity 4139K, committed 4224K, reserved 1048576K
}

Deoptimization events (10 events):
Event: 4.363 Thread 0x00000000167f6000 Uncommon trap: reason=unstable_if action=reinterpret pc=0x000000000340dcf8 method=java.util.concurrent.ConcurrentHashMap.transfer([Ljava/util/concurrent/ConcurrentHashMap$Node;[Ljava/util/concurrent/ConcurrentHashMap$Node;)V @ 277
Event: 4.781 Thread 0x00000000167f6000 Uncommon trap: reason=unstable_if action=reinterpret pc=0x00000000034727a8 method=jdk.internal.org.objectweb.asm.Type.getArgumentsAndReturnSizes(Ljava/lang/String;)I @ 47
Event: 4.967 Thread 0x00000000182d0800 Uncommon trap: reason=unstable_if action=reinterpret pc=0x00000000033e8c90 method=org.springframework.boot.context.properties.source.ConfigurationPropertyName.equals(Ljava/lang/Object;)Z @ 90
Event: 5.155 Thread 0x00000000167f6000 Uncommon trap: reason=unstable_if action=reinterpret pc=0x00000000036877e0 method=com.sun.org.apache.xerces.internal.impl.XMLEntityScanner.scanLiteral(ILcom/sun/org/apache/xerces/internal/xni/XMLString;Z)I @ 570
Event: 5.173 Thread 0x00000000167f6000 Uncommon trap: reason=unstable_if action=reinterpret pc=0x000000000365ffb4 method=com.sun.org.apache.xerces.internal.impl.XMLEntityScanner.checkBeforeLoad(Lcom/sun/xml/internal/stream/Entity$ScannedEntity;II)I @ 18
Event: 5.219 Thread 0x00000000167f6000 Uncommon trap: reason=unstable_if action=reinterpret pc=0x000000000369ffdc method=com.sun.org.apache.xerces.internal.impl.XMLEntityScanner.skipSpaces()Z @ 125
Event: 6.025 Thread 0x00000000182d0800 Uncommon trap: reason=class_check action=maybe_recompile pc=0x00000000037f702c method=org.springframework.util.ConcurrentReferenceHashMap$Segment.findInChain(Lorg/springframework/util/ConcurrentReferenceHashMap$Reference;Ljava/lang/Object;I)Lorg/springfra
Event: 6.156 Thread 0x00000000182d0800 Uncommon trap: reason=class_check action=maybe_recompile pc=0x00000000037f702c method=org.springframework.util.ConcurrentReferenceHashMap$Segment.findInChain(Lorg/springframework/util/ConcurrentReferenceHashMap$Reference;Ljava/lang/Object;I)Lorg/springfra
Event: 6.172 Thread 0x00000000182d0800 Uncommon trap: reason=unstable_if action=reinterpret pc=0x0000000003489698 method=org.springframework.util.ConcurrentReferenceHashMap$Segment.restructureIfNecessary(Z)V @ 34
Event: 6.175 Thread 0x00000000182d0800 Uncommon trap: reason=class_check action=maybe_recompile pc=0x00000000037f702c method=org.springframework.util.ConcurrentReferenceHashMap$Segment.findInChain(Lorg/springframework/util/ConcurrentReferenceHashMap$Reference;Ljava/lang/Object;I)Lorg/springfra

Classes redefined (0 events):
No events

Internal exceptions (10 events):
Event: 3.948 Thread 0x00000000182d0800 Exception <a 'java/lang/ClassNotFoundException': org/springframework/core/OrderedCustomizer> (0x00000000f5a22e78) thrown at [C:\ade\jenkins\workspace\8-2-build-windows-amd64-cygwin\jdk8u241\331\hotspot\src\share\vm\classfile\systemDictionary.cpp, line 210
Event: 3.950 Thread 0x00000000182d0800 Exception <a 'java/lang/ClassNotFoundException': org/springframework/context/ResourceLoaderAwareCustomizer> (0x00000000f5a3ebb8) thrown at [C:\ade\jenkins\workspace\8-2-build-windows-amd64-cygwin\jdk8u241\331\hotspot\src\share\vm\classfile\systemDictionar
Event: 3.951 Thread 0x00000000182d0800 Exception <a 'java/lang/ClassNotFoundException': org/springframework/beans/factory/AwareCustomizer> (0x00000000f5a58710) thrown at [C:\ade\jenkins\workspace\8-2-build-windows-amd64-cygwin\jdk8u241\331\hotspot\src\share\vm\classfile\systemDictionary.cpp, l
Event: 3.953 Thread 0x00000000182d0800 Exception <a 'java/lang/ClassNotFoundException': org/springframework/beans/factory/BeanClassLoaderAwareCustomizer> (0x00000000f5abc990) thrown at [C:\ade\jenkins\workspace\8-2-build-windows-amd64-cygwin\jdk8u241\331\hotspot\src\share\vm\classfile\systemDi
Event: 3.954 Thread 0x00000000182d0800 Exception <a 'java/lang/ClassNotFoundException': org/springframework/beans/factory/AwareCustomizer> (0x00000000f5ad6500) thrown at [C:\ade\jenkins\workspace\8-2-build-windows-amd64-cygwin\jdk8u241\331\hotspot\src\share\vm\classfile\systemDictionary.cpp, l
Event: 3.955 Thread 0x00000000182d0800 Exception <a 'java/lang/ClassNotFoundException': org/springframework/context/EnvironmentAwareCustomizer> (0x00000000f5af0790) thrown at [C:\ade\jenkins\workspace\8-2-build-windows-amd64-cygwin\jdk8u241\331\hotspot\src\share\vm\classfile\systemDictionary.c
Event: 3.957 Thread 0x00000000182d0800 Exception <a 'java/lang/ClassNotFoundException': org/springframework/beans/factory/AwareCustomizer> (0x00000000f5b0a1e0) thrown at [C:\ade\jenkins\workspace\8-2-build-windows-amd64-cygwin\jdk8u241\331\hotspot\src\share\vm\classfile\systemDictionary.cpp, l
Event: 4.538 Thread 0x00000000182d0800 Exception <a 'java/lang/IncompatibleClassChangeError': Found class java.lang.Object, but interface was expected> (0x00000000f78e7ba8) thrown at [C:\ade\jenkins\workspace\8-2-build-windows-amd64-cygwin\jdk8u241\331\hotspot\src\share\vm\interpreter\linkReso
Event: 4.790 Thread 0x00000000167f6000 Exception <a 'java/lang/IncompatibleClassChangeError': Found class java.lang.Object, but interface was expected> (0x00000000f868a330) thrown at [C:\ade\jenkins\workspace\8-2-build-windows-amd64-cygwin\jdk8u241\331\hotspot\src\share\vm\interpreter\linkReso
Event: 6.289 Thread 0x00000000182d0800 Exception <a 'java/lang/NoSuchMethodError': java.lang.Object.lambda$andThen$1(Ljava/util/function/Function;Ljava/lang/Object;)Ljava/lang/Object;> (0x00000000f56f1a68) thrown at [C:\ade\jenkins\workspace\8-2-build-windows-amd64-cygwin\jdk8u241\331\hotspot\

Events (10 events):
Event: 6.455 loading class org/springframework/boot/autoconfigure/http/codec/CodecsAutoConfiguration$LoggingCodecConfiguration
Event: 6.455 loading class org/springframework/boot/autoconfigure/http/codec/CodecsAutoConfiguration$LoggingCodecConfiguration done
Event: 6.456 loading class org/springframework/boot/web/codec/CodecCustomizer
Event: 6.456 loading class org/springframework/boot/web/codec/CodecCustomizer done
Event: 6.458 loading class org/springframework/boot/autoconfigure/http/codec/CodecsAutoConfiguration$JacksonCodecConfiguration
Event: 6.458 loading class org/springframework/boot/autoconfigure/http/codec/CodecsAutoConfiguration$JacksonCodecConfiguration done
Event: 6.461 loading class org/springframework/boot/autoconfigure/info/ProjectInfoProperties
Event: 6.461 loading class org/springframework/boot/autoconfigure/info/ProjectInfoProperties done
Event: 6.464 loading class org/springframework/boot/autoconfigure/info/ProjectInfoAutoConfiguration$GitResourceAvailableCondition
Event: 6.464 loading class org/springframework/boot/autoconfigure/info/ProjectInfoAutoConfiguration$GitResourceAvailableCondition done


Dynamic libraries:
0x00007ff6a3cd0000 - 0x00007ff6a3d07000 	C:\Program Files\Java\jdk1.8.0_241\bin\java.exe
0x00007ffc8ac00000 - 0x00007ffc8adf0000 	C:\Windows\SYSTEM32\ntdll.dll
0x00007ffc774d0000 - 0x00007ffc774e2000 	C:\Program Files\AVAST Software\Avast\aswhook.dll
0x00007ffc89fd0000 - 0x00007ffc8a082000 	C:\Windows\System32\KERNEL32.DLL
0x00007ffc87c40000 - 0x00007ffc87ee5000 	C:\Windows\System32\KERNELBASE.dll
0x00007ffc89dc0000 - 0x00007ffc89e63000 	C:\Windows\System32\ADVAPI32.dll
0x00007ffc897d0000 - 0x00007ffc8986e000 	C:\Windows\System32\msvcrt.dll
0x00007ffc89e70000 - 0x00007ffc89f07000 	C:\Windows\System32\sechost.dll
0x00007ffc893a0000 - 0x00007ffc894c0000 	C:\Windows\System32\RPCRT4.dll
0x00007ffc8a9c0000 - 0x00007ffc8ab55000 	C:\Windows\System32\USER32.dll
0x00007ffc88110000 - 0x00007ffc88131000 	C:\Windows\System32\win32u.dll
0x00007ffc89f80000 - 0x00007ffc89fa6000 	C:\Windows\System32\GDI32.dll
0x00007ffc889c0000 - 0x00007ffc88b56000 	C:\Windows\System32\gdi32full.dll
0x00007ffc88070000 - 0x00007ffc8810e000 	C:\Windows\System32\msvcp_win.dll
0x00007ffc888c0000 - 0x00007ffc889ba000 	C:\Windows\System32\ucrtbase.dll
0x00007ffc86fb0000 - 0x00007ffc87234000 	C:\Windows\WinSxS\amd64_microsoft.windows.common-controls_6595b64144ccf1df_6.0.18362.1082_none_9e8193e1e45b25c1\COMCTL32.dll
0x00007ffc8a5d0000 - 0x00007ffc8a905000 	C:\Windows\System32\combase.dll
0x00007ffc87ff0000 - 0x00007ffc88070000 	C:\Windows\System32\bcryptPrimitives.dll
0x00007ffc897a0000 - 0x00007ffc897ce000 	C:\Windows\System32\IMM32.DLL
0x000000006f420000 - 0x000000006f4f2000 	C:\Program Files\Java\jdk1.8.0_241\jre\bin\msvcr100.dll
0x000000006eb70000 - 0x000000006f41c000 	C:\Program Files\Java\jdk1.8.0_241\jre\bin\server\jvm.dll
0x00007ffc89870000 - 0x00007ffc89878000 	C:\Windows\System32\PSAPI.DLL
0x00007ffc6c940000 - 0x00007ffc6c949000 	C:\Windows\SYSTEM32\WSOCK32.dll
0x00007ffc89f10000 - 0x00007ffc89f7f000 	C:\Windows\System32\WS2_32.dll
0x00007ffc82a90000 - 0x00007ffc82ab4000 	C:\Windows\SYSTEM32\WINMM.dll
0x00007ffc85be0000 - 0x00007ffc85bea000 	C:\Windows\SYSTEM32\VERSION.dll
0x00007ffc82a60000 - 0x00007ffc82a8d000 	C:\Windows\SYSTEM32\WINMMBASE.dll
0x00007ffc87fa0000 - 0x00007ffc87fea000 	C:\Windows\System32\cfgmgr32.dll
0x00007ffc730f0000 - 0x00007ffc730ff000 	C:\Program Files\Java\jdk1.8.0_241\jre\bin\verify.dll
0x00007ffc6e0c0000 - 0x00007ffc6e0e9000 	C:\Program Files\Java\jdk1.8.0_241\jre\bin\java.dll
0x00007ffc70030000 - 0x00007ffc70046000 	C:\Program Files\Java\jdk1.8.0_241\jre\bin\zip.dll
0x00007ffc88cb0000 - 0x00007ffc89397000 	C:\Windows\System32\SHELL32.dll
0x00007ffc89540000 - 0x00007ffc895e9000 	C:\Windows\System32\shcore.dll
0x00007ffc88140000 - 0x00007ffc888c0000 	C:\Windows\System32\windows.storage.dll
0x00007ffc87b20000 - 0x00007ffc87b43000 	C:\Windows\System32\profapi.dll
0x00007ffc87ad0000 - 0x00007ffc87b1a000 	C:\Windows\System32\powrprof.dll
0x00007ffc87ac0000 - 0x00007ffc87ad0000 	C:\Windows\System32\UMPDC.dll
0x00007ffc89b80000 - 0x00007ffc89bd2000 	C:\Windows\System32\shlwapi.dll
0x00007ffc87b50000 - 0x00007ffc87b61000 	C:\Windows\System32\kernel.appcore.dll
0x00007ffc87ef0000 - 0x00007ffc87f07000 	C:\Windows\System32\cryptsp.dll
0x00007ffc6ff20000 - 0x00007ffc6ff3a000 	C:\Program Files\Java\jdk1.8.0_241\jre\bin\net.dll
0x00007ffc86c90000 - 0x00007ffc86cf7000 	C:\Windows\system32\mswsock.dll
0x00007ffc6e0a0000 - 0x00007ffc6e0b2000 	C:\Program Files\Java\jdk1.8.0_241\jre\bin\nio.dll
0x00007ffc86800000 - 0x00007ffc86833000 	C:\Windows\system32\rsaenh.dll
0x00007ffc87f10000 - 0x00007ffc87f36000 	C:\Windows\System32\bcrypt.dll
0x00007ffc879e0000 - 0x00007ffc87a05000 	C:\Windows\SYSTEM32\USERENV.dll
0x00007ffc86e60000 - 0x00007ffc86e6c000 	C:\Windows\SYSTEM32\CRYPTBASE.dll
0x00007ffc869a0000 - 0x00007ffc869da000 	C:\Windows\SYSTEM32\IPHLPAPI.DLL
0x00007ffc896c0000 - 0x00007ffc896c8000 	C:\Windows\System32\NSI.dll
0x00007ffc7c590000 - 0x00007ffc7c5a6000 	C:\Windows\SYSTEM32\dhcpcsvc6.DLL
0x00007ffc7df40000 - 0x00007ffc7df5c000 	C:\Windows\SYSTEM32\dhcpcsvc.DLL
0x00007ffc869e0000 - 0x00007ffc86aab000 	C:\Windows\SYSTEM32\DNSAPI.dll
0x00007ffc72bd0000 - 0x00007ffc72bdd000 	C:\Program Files\Java\jdk1.8.0_241\jre\bin\management.dll
0x00007ffc6c5a0000 - 0x00007ffc6c5b6000 	C:\Windows\system32\napinsp.dll
0x00007ffc6c460000 - 0x00007ffc6c47a000 	C:\Windows\system32\pnrpnsp.dll
0x00007ffc6c450000 - 0x00007ffc6c45e000 	C:\Windows\System32\winrnr.dll
0x00007ffc82f80000 - 0x00007ffc82f9c000 	C:\Windows\system32\NLAapi.dll
0x00007ffc82270000 - 0x00007ffc82285000 	C:\Windows\system32\wshbth.dll
0x00007ffc806e0000 - 0x00007ffc806ea000 	C:\Windows\System32\rasadhlp.dll
0x00007ffc7d230000 - 0x00007ffc7d2a7000 	C:\Windows\System32\fwpuclnt.dll
0x00007ffc875d0000 - 0x00007ffc877c4000 	C:\Windows\SYSTEM32\dbghelp.dll

VM Arguments:
jvm_args: -Djava.security.manager=worker.org.gradle.process.internal.worker.child.BootstrapSecurityManager -Dorg.gradle.native=false -Xmx512m -Dfile.encoding=x-windows-949 -Duser.country=KR -Duser.language=ko -Duser.variant -ea 
java_command: worker.org.gradle.process.internal.worker.GradleWorkerMain 'Gradle Test Executor 12'
java_class_path (initial): C:\springStudy\gradleStore\caches\6.6.1\workerMain\gradle-worker.jar
Launcher Type: SUN_STANDARD

Environment Variables:
JAVA_HOME=C:\Program Files\Java\jdk1.8.0_241
CLASSPATH=C:\Program Files\Java\jdk1.8.0_241\lib ;.; 
PATH=C:\Program Files (x86)\NAT Service;C:\Program Files (x86)\Common Files\Oracle\Java\javapath;C:\Windows\system32;C:\Windows;C:\Windows\System32\Wbem;C:\Windows\System32\WindowsPowerShell\v1.0\;C:\Windows\System32\OpenSSH\;C:\spring\apache-maven-3.6.3-bin\apache-maven-3.6.3\bin;C:\Program Files\Java\jdk1.8.0_241\bin;C:\httpd-2.4.43-win64-VS16\Apache24\bin;C:\Program Files (x86)\PuTTY\;C:\Program Files\MySQL\MySQL Shell 8.0\bin\;C:\Users\±Ëº∫πŒ\AppData\Local\Microsoft\WindowsApps;C:\Program Files\Java\jdk1.8.0_241\bin;;C:\Program Files\JetBrains\IntelliJ IDEA Community Edition 2019.3.4\bin;
USERNAME=±Ëº∫πŒ
OS=Windows_NT
PROCESSOR_IDENTIFIER=Intel64 Family 6 Model 126 Stepping 5, GenuineIntel



---------------  S Y S T E M  ---------------

OS: Windows 10.0 , 64 bit Build 18362 (10.0.18362.1082)

CPU:total 8 (initial active 8) (4 cores per cpu, 2 threads per core) family 6 model 126 stepping 5, cmov, cx8, fxsr, mmx, sse, sse2, sse3, ssse3, sse4.1, sse4.2, popcnt, avx, avx2, aes, clmul, erms, 3dnowpref, lzcnt, ht, tsc, tscinvbit, bmi1, bmi2, adx

Memory: 4k page, physical 8117080k(1240864k free), swap 16505688k(6417788k free)

vm_info: Java HotSpot(TM) 64-Bit Server VM (25.241-b07) for windows-amd64 JRE (1.8.0_241-b07), built on Dec 11 2019 10:21:40 by "rejava" with MS VC++ 10.0 (VS2010)

time: Mon Sep 21 14:23:23 2020
timezone: ¥Î«—πŒ±π «•¡ÿΩ√
elapsed time: 6 seconds (0d 0h 0m 6s)

